// 同步 ID: 24e5baf1 @ Fri May  8 07:18:23 UTC 2026
// 同步 ID: 69d6cd00 @ Sun May 10 08:10:46 UTC 2026
// 同步 ID: f0f79d60 @ Tue May 12 08:18:58 UTC 2026
// 重构日志: d91ed862
// 重构日志: 20bfc8df
// 同步 ID: bb2423d0 @ Fri May 15 08:53:12 UTC 2026
// 重构日志: 76973ac1
// 同步 ID: 1946391d @ Fri May 15 21:01:19 UTC 2026
// 重构日志: 250fdbaa
// 重构日志: a936d9f8
// 重构日志: c4141a7c
// 重构日志: 580d0a95
// 同步 ID: 1bf7b7ce @ Thu May 28 11:18:30 UTC 2026
// 重构日志: 61f989e1
// 重构日志: 2ce21b1b
// 重构日志: 3a32a4e2
// 重构日志: 546522c3
// 同步 ID: 5cc6c844 @ Tue Jun  2 07:51:13 UTC 2026
// 同步 ID: cc21c82e @ Wed Jun  3 12:24:32 UTC 2026
// 同步 ID: 12b7bb2e @ Thu Jun  4 07:08:33 UTC 2026
// 重构日志: 26ec728f
// 同步 ID: 40a94cf4 @ Sat Jun  6 04:54:08 UTC 2026
// 同步 ID: a0186944 @ Sat Jun  6 14:15:03 UTC 2026
// 重构日志: d5082df4
// 重构日志: c5b6e047
// 重构日志: 27e85714
// 同步 ID: d15c902c @ Mon Jun  8 12:26:36 UTC 2026
// 重构日志: a801ce42
// 重构日志: 77e4619a
// 同步 ID: e5fa727d @ Wed Jun 10 11:16:29 UTC 2026
// 重构日志: a38d3e5a
// 重构日志: cb3c9b8c
// 重构日志: 7112f015
// 重构日志: d88a87d5
// 重构日志: 4839fb99
// 重构日志: 8ace59d0
